This file contains any messages produced by compilers while
running configure, to aid debugging if configure makes a mistake.

It was created by auctex configure 11.90, which was
generated by GNU Autoconf 2.69.  Invocation command line was

  $ ./configure --with-texmf-dir=/usr/local/texlive/2015/texmf-dist

## --------- ##
## Platform. ##
## --------- ##

hostname = Kojima.local
uname -m = x86_64
uname -r = 14.5.0
uname -s = Darwin
uname -v = Darwin Kernel Version 14.5.0: Mon Aug 29 21:14:16 PDT 2016; root:xnu-2782.50.6~1/RELEASE_X86_64

/usr/bin/uname -p = i386
/bin/uname -X     = unknown

/bin/arch              = unknown
/usr/bin/arch -k       = unknown
/usr/convex/getsysinfo = unknown
/usr/bin/hostinfo      = Mach kernel version:
	 Darwin Kernel Version 14.5.0: Mon Aug 29 21:14:16 PDT 2016; root:xnu-2782.50.6~1/RELEASE_X86_64
Kernel configured for up to 4 processors.
2 processors are physically available.
4 processors are logically available.
Processor type: x86_64h (Intel x86-64h Haswell)
Processors active: 0 1 2 3
Primary memory available: 8.00 gigabytes
Default processor set: 247 tasks, 1595 threads, 4 processors
Load average: 1.55, Mach factor: 2.44
/bin/machine           = unknown
/usr/bin/oslevel       = unknown
/bin/universe          = unknown

PATH: /Users/mimizu/.rbenv/shims
PATH: /Users/mimizu/.rbenv/shims
PATH: /Users/mimizu/.rbenv/shims
PATH: /Users/mimizu/.rbenv/shims
PATH: /Users/mimizu/.rbenv/bin
PATH: /Users/mimizu/bin
PATH: /other/things/in/path
PATH: /usr/local/bin
PATH: /usr/bin
PATH: /bin
PATH: /usr/local/sbin
PATH: /usr/sbin
PATH: /sbin
PATH: /opt/X11/bin
PATH: /Library/TeX/texbin


## ----------- ##
## Core tests. ##
## ----------- ##

configure:1799: checking for make
configure:1815: found /usr/bin/make
configure:1826: result: make
configure:1842: checking whether make sets $(MAKE)
configure:1864: result: yes
configure:1916: checking for a BSD-compatible install
configure:1984: result: /usr/bin/install -c
configure:1997: checking for date with git
configure:2002: result: git not found, checking for date in ChangeLog:
configure:2010: result: 2017-01-10
configure:2013: checking for release with git
configure:2026: result: git not found, checking for release in ChangeLog:
configure:2035: result: 11.90
configure:2044: checking for date with git
configure:2049: result: git not found, checking for date in ChangeLog:
configure:2057: result: 2017-01-10
configure:2060: checking for release with git
configure:2073: result: git not found, checking for release in ChangeLog:
configure:2082: result: 11.90
configure:2134: checking for emacs
configure:2152: found /usr/local/bin/emacs
configure:2164: result: /usr/local/bin/emacs
configure:2180: checking if /usr/local/bin/emacs is XEmacs
/usr/local/bin/emacs -batch -no-site-file -eval (let* ((x (if (featurep (quote xemacs)) "yes" "no"))) (write-region (if (stringp x) x (prin1-to-string x)) nil "./conftest-97048"))
=> no
configure:2200: result: no
configure:2204: checking for Emacs prefix
/usr/local/bin/emacs -batch -no-site-file -eval (let* ((cmd(pop command-line-args-left))(x (condition-case nil (let*
    ((prefix (directory-file-name (file-name-directory (executable-find cmd))))
     (parent (directory-file-name (file-name-directory prefix))))
    (if (string= (file-name-nondirectory prefix) "bin")
        (setq prefix parent)
      (if (string= (file-name-nondirectory parent) "bin")
         (setq prefix (directory-file-name (file-name-directory parent)))))
    prefix) (error NONE)))) (write-region (if (stringp x) x (prin1-to-string x)) nil "./conftest-97048")) /usr/local/bin/emacs
=> /usr/local
configure:2223: result: "/usr/local"
configure:2253: checking if Emacs is recent enough
/usr/local/bin/emacs -batch -no-site-file -eval (let* ((x (cond ((< emacs-major-version 21) "no")
			 ((> emacs-major-version 21) "yes")
			 ((< emacs-minor-version 01) "no")
			 (t "yes")))) (write-region (if (stringp x) x (prin1-to-string x)) nil "./conftest-97048"))
=> yes
configure:2267: result: yes
configure:2277: checking for MULE support
/usr/local/bin/emacs -batch -eval (let* ((x (condition-case nil (require 'mule ) 	(error (prog1 nil (message "mule not found")))))) (write-region (if (stringp x) x (prin1-to-string x)) nil "./conftest-97048"))
=> mule
configure:2311: result: yes
configure:2356: checking if build directory is valid
/usr/local/bin/emacs -batch -eval (let* ((x (if (or (member (directory-file-name default-directory) load-path)	      (member (file-name-as-directory default-directory) load-path))	 "no" "yes"))) (write-region (if (stringp x) x (prin1-to-string x)) nil "./conftest-97048"))
=> yes
configure:2372: result: yes
configure:2471: checking where lisp files go
/usr/local/bin/emacs -batch -eval (let* ((prefix(pop command-line-args-left)) (expanded(pop command-line-args-left)) (x (catch 22
       (let (reldir (dirs load-path))
	  (dolist (name (list "emacs/site-lisp" "emacs/site-packages"
	         "site-lisp" "site-packages") "NONE")
	    (dolist (dir dirs)
	      (when (and dir
	      	         (setq dir (directory-file-name dir))
                         (file-name-absolute-p dir)
	      	         (file-directory-p dir)
	                 (not (string-match "\`\.\."
                           (setq reldir (file-relative-name dir expanded))))
			 (not (file-name-absolute-p reldir))
                         (let ((name name) (dir dir))
		           (while (and dir name
		                       (string= (file-name-nondirectory dir)
		                                (file-name-nondirectory name))
                              (setq dir (file-name-directory dir)
				   name (file-name-directory name))
			      (if (and dir name)
			         (setq dir (directory-file-name dir)
			              name (directory-file-name name)))))
		            (null name))
		   (throw 22
                      (if (string= reldir ".") (directory-file-name prefix)
                        (concat (file-name-as-directory prefix)
                                reldir))))))))))) (write-region (if (stringp x) x (prin1-to-string x)) nil "./conftest-97048")) ${datadir}/emacs /usr/local/share/emacs
=> ${datadir}/emacs/site-lisp
configure:2543: result: ${datadir}/emacs/site-lisp
configure:2547: checking what file to use for auctex startup
configure:2574: result: ${datadir}/emacs/site-lisp/auctex.el
configure:2577: checking what file to use for preview startup
configure:2604: result: ${datadir}/emacs/site-lisp/preview-latex.el
configure:2626: checking where the package lisp files go
/usr/local/bin/emacs -batch -no-site-file -eval (let* ((path(pop command-line-args-left)) (lispdir(pop command-line-args-left)) (startup(pop command-line-args-left)) (target(pop command-line-args-left))(x (progn (setq path (directory-file-name path))
  (if (or target
          (not (string= (car load-path) (directory-file-name (car load-path)))))
    (setq path (file-name-as-directory path)))
  (setq path (expand-file-name path lispdir))
  (setq startupdir (file-name-directory (expand-file-name startup lispdir)))
  (prin1-to-string
    (if (or (string-match "\`\.\."
              (setq relname (file-relative-name startupdir lispdir)))
            (file-name-absolute-p relname)
	    (string-match "\`\.\."
              (setq relname (file-relative-name path lispdir)))
 	    (file-name-absolute-p relname))
	  (concat path target)
	(cond (target
	       `(expand-file-name
                   ,(file-relative-name (concat path target) startupdir)
	           (file-name-directory load-file-name)))
              ((string= path startupdir)
	         '(file-name-directory load-file-name))
	      ((string= path (directory-file-name startupdir))
                 '(directory-file-name (file-name-directory load-file-name)))
              (t
	       `(expand-file-name
                   ,(file-relative-name path startupdir)
	           (file-name-directory load-file-name))))))))) (write-region (if (stringp x) x (prin1-to-string x)) nil "./conftest-97048")) /usr/local/share/emacs/site-lisp/auctex /usr/local/share/emacs/site-lisp /usr/local/share/emacs/site-lisp/tex-site.el
=> (expand-file-name "auctex" (file-name-directory load-file-name))
configure:2707: result: ${datadir}/emacs/site-lisp/auctex
configure:2710: checking where the data files go
/usr/local/bin/emacs -batch -no-site-file -eval (let* ((path(pop command-line-args-left)) (lispdir(pop command-line-args-left)) (startup(pop command-line-args-left)) (target(pop command-line-args-left))(x (progn (setq path (directory-file-name path))
  (if (or target
          (not (string= (car load-path) (directory-file-name (car load-path)))))
    (setq path (file-name-as-directory path)))
  (setq path (expand-file-name path lispdir))
  (setq startupdir (file-name-directory (expand-file-name startup lispdir)))
  (prin1-to-string
    (if (or (string-match "\`\.\."
              (setq relname (file-relative-name startupdir lispdir)))
            (file-name-absolute-p relname)
	    (string-match "\`\.\."
              (setq relname (file-relative-name path lispdir)))
 	    (file-name-absolute-p relname))
	  (concat path target)
	(cond (target
	       `(expand-file-name
                   ,(file-relative-name (concat path target) startupdir)
	           (file-name-directory load-file-name)))
              ((string= path startupdir)
	         '(file-name-directory load-file-name))
	      ((string= path (directory-file-name startupdir))
                 '(directory-file-name (file-name-directory load-file-name)))
              (t
	       `(expand-file-name
                   ,(file-relative-name path startupdir)
	           (file-name-directory load-file-name))))))))) (write-region (if (stringp x) x (prin1-to-string x)) nil "./conftest-97048")) /usr/local/share/emacs/site-lisp/auctex /usr/local/share/emacs/site-lisp /usr/local/share/emacs/site-lisp/tex-site.el
=> (expand-file-name "auctex" (file-name-directory load-file-name))
configure:2791: result: ${datadir}/emacs/site-lisp/auctex
/usr/local/bin/emacs -batch -no-site-file -eval (let* ((path(pop command-line-args-left)) (lispdir(pop command-line-args-left)) (startup(pop command-line-args-left)) (target(pop command-line-args-left))(x (progn (setq path (directory-file-name path))
  (if (or target
          (not (string= (car load-path) (directory-file-name (car load-path)))))
    (setq path (file-name-as-directory path)))
  (setq path (expand-file-name path lispdir))
  (setq startupdir (file-name-directory (expand-file-name startup lispdir)))
  (prin1-to-string
    (if (or (string-match "\`\.\."
              (setq relname (file-relative-name startupdir lispdir)))
            (file-name-absolute-p relname)
	    (string-match "\`\.\."
              (setq relname (file-relative-name path lispdir)))
 	    (file-name-absolute-p relname))
	  (concat path target)
	(cond (target
	       `(expand-file-name
                   ,(file-relative-name (concat path target) startupdir)
	           (file-name-directory load-file-name)))
              ((string= path startupdir)
	         '(file-name-directory load-file-name))
	      ((string= path (directory-file-name startupdir))
                 '(directory-file-name (file-name-directory load-file-name)))
              (t
	       `(expand-file-name
                   ,(file-relative-name path startupdir)
	           (file-name-directory load-file-name))))))))) (write-region (if (stringp x) x (prin1-to-string x)) nil "./conftest-97048"))  /usr/local/share/emacs/site-lisp /usr/local/share/emacs/site-lisp/auctex.el tex-site.el
=> (expand-file-name "tex-site.el" (file-name-directory load-file-name))
configure:2868: checking where the info files go
configure:2870: result: ${datarootdir}/info
configure:2881: checking where automatically generated global style hooks go
configure:2891: result: ${localstatedir}/auctex
/usr/local/bin/emacs -batch -no-site-file -eval (let* ((path(pop command-line-args-left)) (lispdir(pop command-line-args-left)) (startup(pop command-line-args-left)) (target(pop command-line-args-left))(x (progn (setq path (directory-file-name path))
  (if (or target
          (not (string= (car load-path) (directory-file-name (car load-path)))))
    (setq path (file-name-as-directory path)))
  (setq path (expand-file-name path lispdir))
  (setq startupdir (file-name-directory (expand-file-name startup lispdir)))
  (prin1-to-string
    (if (or (string-match "\`\.\."
              (setq relname (file-relative-name startupdir lispdir)))
            (file-name-absolute-p relname)
	    (string-match "\`\.\."
              (setq relname (file-relative-name path lispdir)))
 	    (file-name-absolute-p relname))
	  (concat path target)
	(cond (target
	       `(expand-file-name
                   ,(file-relative-name (concat path target) startupdir)
	           (file-name-directory load-file-name)))
              ((string= path startupdir)
	         '(file-name-directory load-file-name))
	      ((string= path (directory-file-name startupdir))
                 '(directory-file-name (file-name-directory load-file-name)))
              (t
	       `(expand-file-name
                   ,(file-relative-name path startupdir)
	           (file-name-directory load-file-name))))))))) (write-region (if (stringp x) x (prin1-to-string x)) nil "./conftest-97048")) /usr/local/var/auctex /usr/local/share/emacs/site-lisp /usr/local/share/emacs/site-lisp/tex-site.el
=> "/usr/local/var/auctex"
configure:2971: checking for tex
configure:2989: found /Library/TeX/texbin/tex
configure:3002: result: /Library/TeX/texbin/tex
configure:3012: checking for pdftex
configure:3030: found /Library/TeX/texbin/pdftex
configure:3043: result: /Library/TeX/texbin/pdftex
configure:3053: checking for dvips
configure:3071: found /Library/TeX/texbin/dvips
configure:3084: result: /Library/TeX/texbin/dvips
configure:3101: checking for gs
configure:3117: found /usr/local/bin/gs
configure:3128: result: gs
/usr/local/bin/emacs -batch -no-site-file -eval (let* ((dir(pop command-line-args-left))(x (if (member dir (list "NONE" (if (eq system-type 'windows-nt) "GSWIN32C.EXE" "gs"))) "" `(defvar preview-gs-command ,dir)))) (write-region (if (stringp x) x (prin1-to-string x)) nil "./conftest-97048")) gs
=> 
configure:3156: checking for latex
configure:3174: found /Library/TeX/texbin/latex
configure:3187: result: /Library/TeX/texbin/latex
configure:3203: checking for pdflatex
configure:3221: found /Library/TeX/texbin/pdflatex
configure:3233: result: /Library/TeX/texbin/pdflatex
configure:3252: checking for tex
configure:3283: result: /Library/TeX/texbin/tex
configure:3721: checking for texhash
configure:3739: found /Library/TeX/texbin/texhash
configure:3751: result: /Library/TeX/texbin/texhash
configure:3761: checking for initexmf
configure:3788: result: /Library/TeX/texbin/texhash
configure:3847: checking for glaring installation conflicts
/usr/local/bin/emacs -batch -eval (let* ((packagelispdir(pop command-line-args-left)) (previewstartfile(pop command-line-args-left))(x 
     (concat
       (and (setq tmp (locate-library "preview.elc"))
            (not (string= (file-truename tmp)
                       (file-truename (expand-file-name "preview.elc"
                                         packagelispdir))))
            (format "Conflicting previous installation in `%s' found!
"
                    (file-name-directory tmp)))
       (and (setq tmp (locate-library "preview-latex.el"))
            (not (string= (file-truename tmp)
                          (file-truename previewstartfile)))
            (format "Conflicting previous startup file `%s' found!
" tmp))))) (write-region (if (stringp x) x (prin1-to-string x)) nil "./conftest-97048")) /usr/local/share/emacs/site-lisp/auctex /usr/local/share/emacs/site-lisp/preview-latex.el
=> Conflicting previous installation in `/usr/local/share/emacs/site-lisp/auctex/auctex/' found!
Conflicting previous startup file `/usr/local/share/emacs/site-lisp/auctex/preview-latex.el' found!
configure:3900: result: ouch!
   
configure:3904: WARNING: Conflicting previous installation in `/usr/local/share/emacs/site-lisp/auctex/auctex/' found!
Conflicting previous startup file `/usr/local/share/emacs/site-lisp/auctex/preview-latex.el' found!
   
configure:3969: checking for perl
configure:3987: found /usr/bin/perl
configure:4000: result: /usr/bin/perl
configure:4014: checking for makeinfo
configure:4032: found /usr/bin/makeinfo
configure:4045: result: /usr/bin/makeinfo
configure:4055: checking for texi2html
configure:4086: result: :
configure:4096: checking for texi2dvi
configure:4114: found /usr/bin/texi2dvi
configure:4127: result: /usr/bin/texi2dvi
configure:4137: checking for texi2pdf
configure:4155: found /usr/bin/texi2pdf
configure:4168: result: /usr/bin/texi2pdf
configure:4183: checking for install-info
configure:4201: found /usr/bin/install-info
configure:4214: result: /usr/bin/install-info
configure:4457: creating ./config.status

## ---------------------- ##
## Running config.status. ##
## ---------------------- ##

This file was extended by auctex config.status 11.90, which was
generated by GNU Autoconf 2.69.  Invocation command line was

  CONFIG_FILES    = 
  CONFIG_HEADERS  = 
  CONFIG_LINKS    = 
  CONFIG_COMMANDS = 
  $ ./config.status 

on Kojima.local

config.status:768: creating Makefile
config.status:768: creating tex-site.el.out
config.status:768: creating doc/Makefile
config.status:768: creating auctex.el
config.status:768: creating preview.el
config.status:768: creating latex/Makefile

## ---------------- ##
## Cache variables. ##
## ---------------- ##

ac_cv_env_GS_set=
ac_cv_env_GS_value=
ac_cv_env_INSTALL_INFO_set=
ac_cv_env_INSTALL_INFO_value=
ac_cv_env_MAKEINFO_set=
ac_cv_env_MAKEINFO_value=
ac_cv_env_PERL_set=
ac_cv_env_PERL_value=
ac_cv_env_TEXHASH_set=
ac_cv_env_TEXHASH_value=
ac_cv_env_build_alias_set=
ac_cv_env_build_alias_value=
ac_cv_env_host_alias_set=
ac_cv_env_host_alias_value=
ac_cv_env_target_alias_set=
ac_cv_env_target_alias_value=
ac_cv_path_DVIPS=/Library/TeX/texbin/dvips
ac_cv_path_EMACS=/usr/local/bin/emacs
ac_cv_path_INSTALL_INFO=/usr/bin/install-info
ac_cv_path_LATEX=/Library/TeX/texbin/latex
ac_cv_path_MAKEINFO=/usr/bin/makeinfo
ac_cv_path_PDFLATEX=/Library/TeX/texbin/pdflatex
ac_cv_path_PDFTEX=/Library/TeX/texbin/pdftex
ac_cv_path_PERL=/usr/bin/perl
ac_cv_path_TEX=/Library/TeX/texbin/tex
ac_cv_path_TEXHASH=/Library/TeX/texbin/texhash
ac_cv_path_TEXI2DVI=/usr/bin/texi2dvi
ac_cv_path_TEXI2HTML=:
ac_cv_path_TEXI2PDF=/usr/bin/texi2pdf
ac_cv_path_install='/usr/bin/install -c'
ac_cv_prog_GS=gs
ac_cv_prog_MAKECMD=make
ac_cv_prog_TEXHASH=/Library/TeX/texbin/texhash
ac_cv_prog_make_make_set=yes

## ----------------- ##
## Output variables. ##
## ----------------- ##

AUCTEXDATE='2017-01-10'
AUCTEXVERSION='11.90'
DEFS='-DPACKAGE_NAME=\"auctex\" -DPACKAGE_TARNAME=\"auctex\" -DPACKAGE_VERSION=\"11.90\" -DPACKAGE_STRING=\"auctex\ 11.90\" -DPACKAGE_BUGREPORT=\"bug-auctex@gnu.org\" -DPACKAGE_URL=\"\"'
DVIPS='/Library/TeX/texbin/dvips'
ECHO_C='\c'
ECHO_N=''
ECHO_T=''
EMACS='/usr/local/bin/emacs'
EMACS_FLAVOR='emacs'
GS='gs'
HAVE_mule='yes'
INSTALL_DATA='${INSTALL} -m 644'
INSTALL_INFO='/usr/bin/install-info'
INSTALL_PROGRAM='${INSTALL}'
INSTALL_SCRIPT='${INSTALL}'
LATEX='/Library/TeX/texbin/latex'
LIBOBJS=''
LIBS=''
LTLIBOBJS=''
MAKECMD='make'
MAKEINFO='/usr/bin/makeinfo'
MULEELC='tex-jp.elc'
MULESRC='tex-jp.el'
PACKAGE_BUGREPORT='bug-auctex@gnu.org'
PACKAGE_NAME='auctex'
PACKAGE_STRING='auctex 11.90'
PACKAGE_TARNAME='auctex'
PACKAGE_URL=''
PACKAGE_VERSION='11.90'
PATH_SEPARATOR=':'
PDFLATEX='/Library/TeX/texbin/pdflatex'
PDFTEX='/Library/TeX/texbin/pdftex'
PERL='/usr/bin/perl'
PLAT_LISP='prv-emacs.el'
PREVIEWDATE='2017-01-10'
PREVIEWVERSION='11.90'
SET_MAKE=''
SHELL='/bin/sh'
TEX='/Library/TeX/texbin/tex'
TEXHASH='/Library/TeX/texbin/texhash'
TEXI2DVI='/usr/bin/texi2dvi'
TEXI2HTML=':'
TEXI2PDF='/usr/bin/texi2pdf'
TEXMFGEN='preview.sty prauctex.def prauctex.cfg prshowbox.def prshowlabels.def prtracingall.def prtightpage.def prlyx.def prcounters.def prfootnotes.def'
XEMACS='no'
auctexstartfile='${datadir}/emacs/site-lisp/auctex.el'
autodir='${localstatedir}/auctex'
bindir='${exec_prefix}/bin'
build_alias=''
datadir='${datarootdir}'
datarootdir='${prefix}/share'
docdir='${datarootdir}/doc/${PACKAGE_TARNAME}'
dvidir='${docdir}'
exec_prefix='${prefix}'
host_alias=''
htmldir='${docdir}'
includedir='${prefix}/include'
infodir='${datarootdir}/info'
libdir='${exec_prefix}/lib'
libexecdir='${exec_prefix}/libexec'
lispGS=''
lispautodir='"/usr/local/var/auctex"'
lispdir='${datadir}/emacs/site-lisp'
lisppackagedatadir='(expand-file-name "auctex" (file-name-directory load-file-name))'
lisppackagelispdir='(expand-file-name "auctex" (file-name-directory load-file-name))'
lisppackagetexstyles=''
lisptexsite='(expand-file-name "tex-site.el" (file-name-directory load-file-name))'
localedir='${datarootdir}/locale'
localstatedir='${prefix}/var'
mandir='${datarootdir}/man'
oldincludedir='/usr/include'
packagedatadir='${datadir}/emacs/site-lisp/auctex'
packagedir='no'
packagelispdir='${datadir}/emacs/site-lisp/auctex'
packagetexstyles=''
pdfdir='${docdir}'
prefix='/usr/local'
preview_enabled='yes'
previewdocdir='/usr/local/texlive/2015/texmf-dist/doc/latex/styles'
previewstartfile='${datadir}/emacs/site-lisp/preview-latex.el'
previewtexmfdir='/usr/local/texlive/2015/texmf-dist/tex/latex/preview'
program_transform_name='s,x,x,'
psdir='${docdir}'
runstatedir='${localstatedir}/run'
sbindir='${exec_prefix}/sbin'
sharedstatedir='${prefix}/com'
sysconfdir='${prefix}/etc'
target_alias=''
texmfdir='/usr/local/texlive/2015/texmf-dist'
texsite=''

## ----------- ##
## confdefs.h. ##
## ----------- ##

/* confdefs.h */
#define PACKAGE_NAME "auctex"
#define PACKAGE_TARNAME "auctex"
#define PACKAGE_VERSION "11.90"
#define PACKAGE_STRING "auctex 11.90"
#define PACKAGE_BUGREPORT "bug-auctex@gnu.org"
#define PACKAGE_URL ""

configure: exit 0
